//import Image from "@/components/sanity/image.astro";

export const gifs = [
  {
    url: "8d180a539b51d08320d1d5ad2402df5038de6235-720x720.gif",
    name: "turntable",
  },
  { url: "b4ce29f0281ee6021cf9663720a78b4eaeff6965-720x720.gif", name: "idle" },
  { url: "ab2df76bea9e12a6653d8b4cb3a3f95690c55d1d-720x720.gif", name: "walk" },
  { url: "d924f9af9227d6696e50cbc28b3d801043be12e3-720x720.gif", name: "run" },
  {
    url: "01d994a6068b292c6d080be5d84b8e4457d90352-720x720.gif",
    name: "prepare",
  },
  { url: "96ae51412581c93dd627632cf89815e50366de87-720x720.gif", name: "buck" },
];

export const renders = [
  {
    url: "f625519aa6c0f83c65aaf80a7c3c5b12d22a50bf-2440x1660.png",
    name: "three quarter",
  },
  {
    url: "25ca03a5b3acda5a8a11a6e517d4020a39d4f78d-2440x1660.png",
    name: "wireframe",
  },
  {
    url: "b878e3f889e0ad7d2604e7ffe69f11c1fa8d12a6-2440x1660.png",
    name: "front",
  },
  {
    url: "33aeebb3e4fa39cba32ab87bc651ed2e18e85255-2440x1660.png",
    name: "side",
  },
];