import Link from "next/link";
//import Image from "@/components/sanity/image.astro";

export const full = [
  {
    url: "5d42353c53a979c08f6fab8f4d4124afffbcbf5f-1600x871.png",
    name: "About Page",
  },
];

export const half = [
  {
    url: "44471c3db4c593a1daaaf8160bb2ff4f61ead25d-1680x915.png",
    name: "Blank Splash",
  },
  {
    url: "451f1cbc63c36467fc4ec54392579e5d1007c874-1680x913.png",
    name: "Tank Soccer",
  },
  {
    url: "af446323c1f77aa12a7cc52fb49e2931b87b9c9a-1600x888.png",
    name: "Gallery",
  },
  {
    url: "bfceb977aa193741523ea2150e3e2252deef8112-1600x871.png",
    name: "Instagram Feed",
  },
];